<?xml version="1.0" encoding="UTF-8"?>
<!-- Generated by org.testng.reporters.JUnitReportReporter -->
<testsuite hostname="DESKTOP-T4GIUBU" failures="0" tests="1" name="GroupClasses.Class2" time="0.004" errors="0" timestamp="2024-12-12T11:50:03 IST" skipped="0">
  <testcase classname="GroupClasses.Class2" name="Group2" time="0.004"/>
</testsuite> <!-- GroupClasses.Class2 -->
