<?xml version="1.0" encoding="UTF-8"?>
<!-- Generated by org.testng.reporters.JUnitReportReporter -->
<testsuite hostname="DESKTOP-T4GIUBU" failures="0" tests="1" name="GroupClasses.Class4" time="0.012" errors="0" timestamp="2024-12-12T12:03:11 IST" skipped="0">
  <testcase classname="GroupClasses.Class4" name="Group4" time="0.012"/>
</testsuite> <!-- GroupClasses.Class4 -->
