<?xml version="1.0" encoding="UTF-8"?>
<!-- Generated by org.testng.reporters.JUnitReportReporter -->
<testsuite hostname="DESKTOP-T4GIUBU" failures="0" tests="1" name="Parallel.Report" time="0.545" errors="0" timestamp="2024-12-10T12:10:25 IST" skipped="0">
  <testcase classname="Parallel.Report" name="test1" time="0.545"/>
</testsuite> <!-- Parallel.Report -->
