<?xml version="1.0" encoding="UTF-8"?>
<!-- Generated by org.testng.reporters.JUnitReportReporter -->
<testsuite hostname="DESKTOP-T4GIUBU" failures="0" tests="1" name="GroupClasses.Class5" time="0.003" errors="0" timestamp="2024-12-12T11:50:03 IST" skipped="0">
  <testcase classname="GroupClasses.Class5" name="Group5" time="0.003"/>
</testsuite> <!-- GroupClasses.Class5 -->
