<?xml version="1.0" encoding="UTF-8"?>
<!-- Generated by org.testng.reporters.JUnitReportReporter -->
<testsuite hostname="DESKTOP-T4GIUBU" failures="0" tests="1" name="GroupClasses.Class1" time="20.473" errors="0" timestamp="2024-12-12T12:08:42 IST" skipped="0">
  <testcase classname="GroupClasses.Class1" name="Group1" time="20.473"/>
</testsuite> <!-- GroupClasses.Class1 -->
