<?xml version="1.0" encoding="UTF-8"?>
<!-- Generated by org.testng.reporters.JUnitReportReporter -->
<testsuite hostname="DESKTOP-T4GIUBU" failures="0" tests="2" name="Parallel.ParExc" time="12.231" errors="0" timestamp="2024-12-07T11:43:21 IST" skipped="0">
  <testcase classname="Parallel.ParExc" name="par" time="3.442"/>
  <testcase classname="Parallel.ParExc" name="par" time="8.789"/>
</testsuite> <!-- Parallel.ParExc -->
