<?xml version="1.0" encoding="UTF-8"?>
<!-- Generated by org.testng.reporters.JUnitReportReporter -->
<testsuite hostname="DESKTOP-T4GIUBU" failures="0" tests="2" name="qsp.GroupExample" time="0.017" errors="0" timestamp="2024-12-12T11:48:26 IST" skipped="0">
  <testcase classname="qsp.GroupExample" name="test1" time="0.013"/>
  <testcase classname="qsp.GroupExample" name="test2" time="0.004"/>
</testsuite> <!-- qsp.GroupExample -->
