<?xml version="1.0" encoding="UTF-8"?>
<!-- Generated by org.testng.reporters.JUnitReportReporter -->
<testsuite hostname="DESKTOP-T4GIUBU" failures="0" tests="1" name="GroupClasses.Class3" time="0.010" errors="0" timestamp="2024-12-12T11:50:03 IST" skipped="0">
  <testcase classname="GroupClasses.Class3" name="Group3" time="0.010"/>
</testsuite> <!-- GroupClasses.Class3 -->
