<?xml version="1.0" encoding="UTF-8"?>
<!-- Generated by org.testng.reporters.JUnitReportReporter -->
<testsuite hostname="DESKTOP-T4GIUBU" failures="0" tests="2" name="Parallel.Report1" time="0.046" errors="0" timestamp="2024-12-10T19:01:11 IST" skipped="0">
  <testcase classname="Parallel.Report1" name="console" time="0.036"/>
  <testcase classname="Parallel.Report1" name="folder" time="0.010"/>
</testsuite> <!-- Parallel.Report1 -->
