<?xml version="1.0" encoding="UTF-8"?>
<!-- Generated by org.testng.reporters.JUnitReportReporter -->
<testsuite hostname="DESKTOP-T4GIUBU" failures="0" tests="2" name="DataProvider.DemoQdataPrvider" time="77.463" errors="0" timestamp="2024-12-13T12:07:42 IST" skipped="0">
  <testcase classname="DataProvider.DemoQdataPrvider" name="launch" time="40.183"/>
  <testcase classname="DataProvider.DemoQdataPrvider" name="launch" time="37.280"/>
</testsuite> <!-- DataProvider.DemoQdataPrvider -->
