<?xml version="1.0" encoding="UTF-8"?>
<!-- Generated by org.testng.reporters.JUnitReportReporter -->
<testsuite hostname="DESKTOP-T4GIUBU" failures="0" tests="3" name="qsp.Runner" time="0.018" errors="0" timestamp="2024-12-11T12:34:19 IST" skipped="0">
  <testcase classname="qsp.Runner" name="Trash" time="0.003"/>
  <testcase classname="qsp.Runner" name="Sentitems" time="0.002"/>
  <testcase classname="qsp.Runner" name="Compose" time="0.013"/>
</testsuite> <!-- qsp.Runner -->
