<?xml version="1.0" encoding="UTF-8"?>
<!-- Generated by org.testng.reporters.JUnitReportReporter -->
<testsuite hostname="DESKTOP-T4GIUBU" failures="0" tests="3" name="DataProvider.DataProviderExample" time="32.715" errors="0" timestamp="2024-12-12T23:19:14 IST" skipped="0">
  <testcase classname="DataProvider.DataProviderExample" name="launch" time="9.804"/>
  <testcase classname="DataProvider.DataProviderExample" name="launch" time="12.001"/>
  <testcase classname="DataProvider.DataProviderExample" name="launch" time="10.910"/>
</testsuite> <!-- DataProvider.DataProviderExample -->
