<?xml version="1.0" encoding="UTF-8"?>
<!-- Generated by org.testng.reporters.JUnitReportReporter -->
<testsuite hostname="DESKTOP-T4GIUBU" failures="0" tests="3" name="DataProvider.DataProvideExample1" time="36.160" errors="0" timestamp="2024-12-13T11:33:00 IST" skipped="0">
  <testcase classname="DataProvider.DataProvideExample1" name="loginTest" time="12.306"/>
  <testcase classname="DataProvider.DataProvideExample1" name="loginTest" time="12.021"/>
  <testcase classname="DataProvider.DataProvideExample1" name="loginTest" time="11.833"/>
</testsuite> <!-- DataProvider.DataProvideExample1 -->
